<?xml version="1.0" encoding="UTF-8"?>
<!-- Generated by org.testng.reporters.JUnitReportReporter -->
<testsuite hostname="Mugesh" failures="0" tests="1" name="DemoWepShopTestCases.DDTestCase" time="3.066" errors="0" timestamp="2024-03-09T19:36:40 IST" skipped="0">
  <testcase classname="DemoWepShopTestCases.DDTestCase" name="homepageverification" time="3.066"/>
</testsuite> <!-- DemoWepShopTestCases.DDTestCase -->
